0 info it worked if it ends with ok
1 verbose cli [ 'node',
1 verbose cli   '/usr/local/bin/npm',
1 verbose cli   'install',
1 verbose cli   'moment',
1 verbose cli   'underscscore',
1 verbose cli   '--save' ]
2 info using npm@1.4.28
3 info using node@v0.10.34
4 warn package.json creek-themes@0.1.0 No README data
5 verbose readDependencies using package.json deps
6 verbose cache add [ 'moment', null ]
7 verbose cache add name=undefined spec="moment" args=["moment",null]
8 verbose parsed url { protocol: null,
8 verbose parsed url   slashes: null,
8 verbose parsed url   auth: null,
8 verbose parsed url   host: null,
8 verbose parsed url   port: null,
8 verbose parsed url   hostname: null,
8 verbose parsed url   hash: null,
8 verbose parsed url   search: null,
8 verbose parsed url   query: null,
8 verbose parsed url   pathname: 'moment',
8 verbose parsed url   path: 'moment',
8 verbose parsed url   href: 'moment' }
9 verbose cache add [ 'underscscore', null ]
10 verbose cache add name=undefined spec="underscscore" args=["underscscore",null]
11 verbose parsed url { protocol: null,
11 verbose parsed url   slashes: null,
11 verbose parsed url   auth: null,
11 verbose parsed url   host: null,
11 verbose parsed url   port: null,
11 verbose parsed url   hostname: null,
11 verbose parsed url   hash: null,
11 verbose parsed url   search: null,
11 verbose parsed url   query: null,
11 verbose parsed url   pathname: 'underscscore',
11 verbose parsed url   path: 'underscscore',
11 verbose parsed url   href: 'underscscore' }
12 silly lockFile b56def36-moment moment
13 verbose lock moment /Users/travis/.npm/b56def36-moment.lock
14 silly lockFile 104b3a4e-underscscore underscscore
15 verbose lock underscscore /Users/travis/.npm/104b3a4e-underscscore.lock
16 silly lockFile 104b3a4e-underscscore underscscore
17 silly lockFile 104b3a4e-underscscore underscscore
18 silly lockFile b56def36-moment moment
19 silly lockFile b56def36-moment moment
20 verbose addNamed [ 'underscscore', '' ]
21 verbose addNamed [ null, '*' ]
22 silly lockFile 0fb39960-underscscore underscscore@
23 verbose lock underscscore@ /Users/travis/.npm/0fb39960-underscscore.lock
24 verbose addNamed [ 'moment', '' ]
25 verbose addNamed [ null, '*' ]
26 silly lockFile 42aa250a-moment moment@
27 verbose lock moment@ /Users/travis/.npm/42aa250a-moment.lock
28 silly addNameRange { name: 'underscscore', range: '*', hasData: false }
29 silly addNameRange { name: 'moment', range: '*', hasData: false }
30 verbose request where is /underscscore
31 verbose request registry https://registry.npmjs.org/
32 verbose request id 80f6b3e939429b40
33 verbose url raw /underscscore
34 verbose url resolving [ 'https://registry.npmjs.org/', './underscscore' ]
35 verbose url resolved https://registry.npmjs.org/underscscore
36 verbose request where is https://registry.npmjs.org/underscscore
37 info trying registry request attempt 1 at 09:53:44
38 http GET https://registry.npmjs.org/underscscore
39 verbose request where is /moment
40 verbose request registry https://registry.npmjs.org/
41 verbose url raw /moment
42 verbose url resolving [ 'https://registry.npmjs.org/', './moment' ]
43 verbose url resolved https://registry.npmjs.org/moment
44 verbose request where is https://registry.npmjs.org/moment
45 info trying registry request attempt 1 at 09:53:44
46 verbose etag "77HJG1V0OPM03G5LURAN2WUKN"
47 http GET https://registry.npmjs.org/moment
48 http 200 https://registry.npmjs.org/moment
49 silly registry.get cb [ 200,
49 silly registry.get   { server: 'CouchDB/1.5.0 (Erlang OTP/R16B03)',
49 silly registry.get     etag: '"4STLEFIAJI4O1NJX0ATUEKVQ8"',
49 silly registry.get     'content-type': 'application/json',
49 silly registry.get     'content-encoding': 'gzip',
49 silly registry.get     'cache-control': 'max-age=300',
49 silly registry.get     'content-length': '12497',
49 silly registry.get     'accept-ranges': 'bytes',
49 silly registry.get     date: 'Mon, 15 Aug 2016 16:53:42 GMT',
49 silly registry.get     via: '1.1 varnish',
49 silly registry.get     age: '217',
49 silly registry.get     connection: 'keep-alive',
49 silly registry.get     'x-served-by': 'cache-sea1926-SEA',
49 silly registry.get     'x-cache': 'HIT',
49 silly registry.get     'x-cache-hits': '18',
49 silly registry.get     'x-timer': 'S1471280022.367007,VS0,VE0',
49 silly registry.get     vary: 'Accept-Encoding' } ]
50 silly addNameRange number 2 { name: 'moment', range: '*', hasData: true }
51 silly addNameRange versions [ 'moment',
51 silly addNameRange   [ '1.0.0',
51 silly addNameRange     '1.0.1',
51 silly addNameRange     '1.1.0',
51 silly addNameRange     '1.1.1',
51 silly addNameRange     '1.2.0',
51 silly addNameRange     '1.3.0',
51 silly addNameRange     '1.4.0',
51 silly addNameRange     '1.5.0',
51 silly addNameRange     '1.5.1',
51 silly addNameRange     '1.6.0',
51 silly addNameRange     '1.6.1',
51 silly addNameRange     '1.6.2',
51 silly addNameRange     '1.7.0',
51 silly addNameRange     '1.7.1',
51 silly addNameRange     '1.7.2',
51 silly addNameRange     '2.0.0',
51 silly addNameRange     '2.1.0',
51 silly addNameRange     '2.2.1',
51 silly addNameRange     '2.3.0',
51 silly addNameRange     '2.3.1',
51 silly addNameRange     '2.4.0',
51 silly addNameRange     '2.5.0',
51 silly addNameRange     '2.5.1',
51 silly addNameRange     '2.6.0',
51 silly addNameRange     '2.7.0',
51 silly addNameRange     '2.8.1',
51 silly addNameRange     '2.8.2',
51 silly addNameRange     '2.8.3',
51 silly addNameRange     '2.8.4',
51 silly addNameRange     '2.9.0',
51 silly addNameRange     '2.10.2',
51 silly addNameRange     '2.10.3',
51 silly addNameRange     '2.10.5',
51 silly addNameRange     '2.10.6',
51 silly addNameRange     '2.11.0',
51 silly addNameRange     '2.11.1',
51 silly addNameRange     '2.11.2',
51 silly addNameRange     '2.12.0',
51 silly addNameRange     '2.13.0',
51 silly addNameRange     '2.14.0',
51 silly addNameRange     '2.14.1' ] ]
52 verbose addNamed [ 'moment', '2.14.1' ]
53 verbose addNamed [ '2.14.1', '2.14.1' ]
54 silly lockFile 7b3ab4ae-moment-2-14-1 moment@2.14.1
55 verbose lock moment@2.14.1 /Users/travis/.npm/7b3ab4ae-moment-2-14-1.lock
56 silly lockFile eca7f3a8-mjs-org-moment-moment-2-14-1-tgz https://registry.npmjs.org/moment/-/moment-2.14.1.tgz
57 verbose lock https://registry.npmjs.org/moment/-/moment-2.14.1.tgz /Users/travis/.npm/eca7f3a8-mjs-org-moment-moment-2-14-1-tgz.lock
58 verbose addRemoteTarball [ 'https://registry.npmjs.org/moment/-/moment-2.14.1.tgz',
58 verbose addRemoteTarball   'b35b27c47e57ed2ddc70053d6b07becdb291741c' ]
59 info retry fetch attempt 1 at 09:53:44
60 verbose fetch to= /tmp/npm-72885-hOi8mMuR/registry.npmjs.org/moment/-/moment-2.14.1.tgz
61 http GET https://registry.npmjs.org/moment/-/moment-2.14.1.tgz
62 http 200 https://registry.npmjs.org/moment/-/moment-2.14.1.tgz
63 http 404 https://registry.npmjs.org/underscscore
64 silly registry.get cb [ 404,
64 silly registry.get   { 'content-type': 'application/json',
64 silly registry.get     'cache-control': 'max-age=0',
64 silly registry.get     'content-length': '2',
64 silly registry.get     'accept-ranges': 'bytes',
64 silly registry.get     date: 'Mon, 15 Aug 2016 16:53:42 GMT',
64 silly registry.get     via: '1.1 varnish',
64 silly registry.get     age: '0',
64 silly registry.get     connection: 'keep-alive',
64 silly registry.get     'x-served-by': 'cache-sea1924-SEA',
64 silly registry.get     'x-cache': 'MISS',
64 silly registry.get     'x-cache-hits': '0',
64 silly registry.get     'x-timer': 'S1471280022.367334,VS0,VE380',
64 silly registry.get     vary: 'Accept-Encoding' } ]
65 silly lockFile 0fb39960-underscscore underscscore@
66 silly lockFile 0fb39960-underscscore underscscore@
67 silly lockFile eca7f3a8-mjs-org-moment-moment-2-14-1-tgz https://registry.npmjs.org/moment/-/moment-2.14.1.tgz
68 silly lockFile eca7f3a8-mjs-org-moment-moment-2-14-1-tgz https://registry.npmjs.org/moment/-/moment-2.14.1.tgz
69 silly lockFile 7b3ab4ae-moment-2-14-1 moment@2.14.1
70 silly lockFile 7b3ab4ae-moment-2-14-1 moment@2.14.1
71 silly lockFile 42aa250a-moment moment@
72 silly lockFile 42aa250a-moment moment@
73 error 404 Not Found
73 error 404
73 error 404 'underscscore' is not in the npm registry.
73 error 404 You should bug the author to publish it
73 error 404 It was specified as a dependency of 'creek-themes'
73 error 404
73 error 404 Note that you can also install from a
73 error 404 tarball, folder, or http url, or git url.
74 error System Darwin 15.6.0
75 error command "node" "/usr/local/bin/npm" "install" "moment" "underscscore" "--save"
76 error cwd /Users/travis/Documents/Git/theme-tools
77 error node -v v0.10.34
78 error npm -v 1.4.28
79 error code E404
80 verbose exit [ 1, true ]
